2023-11-08 15:08:41,973:INFO:Scraped: Apple TV Lead MLS Analyst, Taylor Twellman
2023-11-08 15:08:41,996:INFO:Scraped: Balloon Party with Tim McKernan – November 7th, 2023
2023-11-08 15:08:42,018:INFO:Scraped: Our Blues Insider, Jeremy Rutherford
2023-11-08 15:08:42,044:INFO:Scraped: Balloon Party with Tim McKernan – November 6th, 2023
2023-11-08 15:08:42,066:INFO:Scraped: Gabe DeArmond of PowerMizzou.com
2023-11-08 15:08:42,090:INFO:Scraped: Balloon Party with Tim McKernan – November 3rd, 2023
2023-11-08 15:08:42,115:INFO:Scraped: Balloon Party with Tim McKernan – November 2nd, 2023
2023-11-08 15:08:42,138:INFO:Scraped: Balloon Party with Tim McKernan – November 1st, 2023
2023-11-08 15:08:42,163:INFO:Scraped: Apple TV Lead MLS Analyst, Taylor Twellman
2023-11-08 15:08:42,193:INFO:Scraped: Balloon Party with Tim McKernan – October 31st, 2023
2023-11-08 15:08:45,195:INFO:Finished scraping the requested pages.
2023-11-08 15:09:12,936:ERROR:Error inserting episode into database: UNIQUE constraint failed: Balloon.URL
2023-11-08 15:09:12,938:INFO:Scraped: Apple TV Lead MLS Analyst, Taylor Twellman
2023-11-08 15:09:12,946:ERROR:Error inserting episode into database: UNIQUE constraint failed: Balloon.URL
2023-11-08 15:09:12,947:INFO:Scraped: Balloon Party with Tim McKernan – November 7th, 2023
2023-11-08 15:09:12,954:ERROR:Error inserting episode into database: UNIQUE constraint failed: Balloon.URL
2023-11-08 15:09:12,956:INFO:Scraped: Our Blues Insider, Jeremy Rutherford
2023-11-08 15:09:12,963:ERROR:Error inserting episode into database: UNIQUE constraint failed: Balloon.URL
2023-11-08 15:09:12,965:INFO:Scraped: Balloon Party with Tim McKernan – November 6th, 2023
2023-11-08 15:09:12,972:ERROR:Error inserting episode into database: UNIQUE constraint failed: Balloon.URL
2023-11-08 15:09:12,974:INFO:Scraped: Gabe DeArmond of PowerMizzou.com
2023-11-08 15:09:12,980:ERROR:Error inserting episode into database: UNIQUE constraint failed: Balloon.URL
2023-11-08 15:09:12,982:INFO:Scraped: Balloon Party with Tim McKernan – November 3rd, 2023
2023-11-08 15:09:12,989:ERROR:Error inserting episode into database: UNIQUE constraint failed: Balloon.URL
2023-11-08 15:09:12,991:INFO:Scraped: Balloon Party with Tim McKernan – November 2nd, 2023
2023-11-08 15:09:12,998:ERROR:Error inserting episode into database: UNIQUE constraint failed: Balloon.URL
2023-11-08 15:09:12,999:INFO:Scraped: Balloon Party with Tim McKernan – November 1st, 2023
2023-11-08 15:09:13,007:ERROR:Error inserting episode into database: UNIQUE constraint failed: Balloon.URL
2023-11-08 15:09:13,008:INFO:Scraped: Apple TV Lead MLS Analyst, Taylor Twellman
2023-11-08 15:09:13,015:ERROR:Error inserting episode into database: UNIQUE constraint failed: Balloon.URL
2023-11-08 15:09:13,017:INFO:Scraped: Balloon Party with Tim McKernan – October 31st, 2023
2023-11-08 15:09:16,017:INFO:Finished scraping the requested pages.
2023-11-08 16:54:31,889:ERROR:Error inserting episode into database: UNIQUE constraint failed: Balloon.URL
2023-11-08 16:54:31,890:INFO:Scraped: Apple TV Lead MLS Analyst, Taylor Twellman
2023-11-08 16:54:31,897:ERROR:Error inserting episode into database: UNIQUE constraint failed: Balloon.URL
2023-11-08 16:54:31,899:INFO:Scraped: Balloon Party with Tim McKernan – November 7th, 2023
2023-11-08 16:54:31,905:ERROR:Error inserting episode into database: UNIQUE constraint failed: Balloon.URL
2023-11-08 16:54:31,907:INFO:Scraped: Our Blues Insider, Jeremy Rutherford
2023-11-08 16:54:31,914:ERROR:Error inserting episode into database: UNIQUE constraint failed: Balloon.URL
2023-11-08 16:54:31,915:INFO:Scraped: Balloon Party with Tim McKernan – November 6th, 2023
2023-11-08 16:54:31,922:ERROR:Error inserting episode into database: UNIQUE constraint failed: Balloon.URL
2023-11-08 16:54:31,923:INFO:Scraped: Gabe DeArmond of PowerMizzou.com
2023-11-08 16:54:31,929:ERROR:Error inserting episode into database: UNIQUE constraint failed: Balloon.URL
2023-11-08 16:54:31,931:INFO:Scraped: Balloon Party with Tim McKernan – November 3rd, 2023
2023-11-08 16:54:31,937:ERROR:Error inserting episode into database: UNIQUE constraint failed: Balloon.URL
2023-11-08 16:54:31,939:INFO:Scraped: Balloon Party with Tim McKernan – November 2nd, 2023
2023-11-08 16:54:31,945:ERROR:Error inserting episode into database: UNIQUE constraint failed: Balloon.URL
2023-11-08 16:54:31,946:INFO:Scraped: Balloon Party with Tim McKernan – November 1st, 2023
2023-11-08 16:54:31,952:ERROR:Error inserting episode into database: UNIQUE constraint failed: Balloon.URL
2023-11-08 16:54:31,953:INFO:Scraped: Apple TV Lead MLS Analyst, Taylor Twellman
2023-11-08 16:54:31,960:ERROR:Error inserting episode into database: UNIQUE constraint failed: Balloon.URL
2023-11-08 16:54:31,961:INFO:Scraped: Balloon Party with Tim McKernan – October 31st, 2023
2023-11-08 16:54:34,962:INFO:Finished scraping the requested pages.
